<?xml version="1.0" encoding="UTF-8"?>
<!-- Generated by org.testng.reporters.JUnitReportReporter -->
<testsuite skipped="0" hostname="UK1LPT66" name="com.selenium.runner.MyTestngRunner" tests="3" failures="0" timestamp="30 Jun 2020 20:46:36 GMT" time="30.654" errors="0">
  <testcase name="runScenario" time="9.428" classname="com.selenium.runner.MyTestngRunner"/>
  <testcase name="runScenario" time="8.221" classname="com.selenium.runner.MyTestngRunner"/>
  <testcase name="runScenario" time="13.005" classname="com.selenium.runner.MyTestngRunner"/>
</testsuite> <!-- com.selenium.runner.MyTestngRunner -->
