<?xml version="1.0" encoding="UTF-8"?>
<!-- Generated by org.testng.reporters.JUnitReportReporter -->
<testsuite skipped="0" hostname="UK1LPT66" name="com.selenium.runner.MyTestngRunner" tests="3" failures="0" timestamp="2020-06-30T22:26:24 BST" time="32.991" errors="0">
  <testcase name="runScenario" time="13.174" classname="com.selenium.runner.MyTestngRunner"/>
  <system-out/>
  <testcase name="runScenario" time="10.784" classname="com.selenium.runner.MyTestngRunner"/>
  <system-out/>
  <testcase name="runScenario" time="9.033" classname="com.selenium.runner.MyTestngRunner"/>
  <system-out/>
</testsuite> <!-- com.selenium.runner.MyTestngRunner -->
